got param, data file: New64/1_1_Axb_64_jxtemNew.txt, precision: 0.01
HHL.cpp,195,init_qubits:The max-eigen-val = 30.0994, min-eigen-val = 0.0292555
HHL.cpp,212,init_qubits:Total need qubits number: 26, qft_qubits: 19=6+13
HHL.cpp,255,get_hhl_circuit:qpe_gate_cnt: 386802
HHL.cpp,259,get_hhl_circuit:^^^^^^^^^^^^^^^^^whole hhl_cir_gate_cnt: 2346588 ^^^^^^^^^^^^^^^^^^^^
HHL.cpp,332,HHL_solve_linear_equations:HHL quantum circuit is running ...
HHL.cpp,340,HHL_solve_linear_equations:run HHL used: 18691.9 s
HHL_result of 64-dimensional matrix:
(19.285,0) (19.5779,0) 
(19.3645,0) (18.7459,0) 
(18.1666,0) (17.8611,0) 
(17.9903,0) (18.2634,0) 
(19.5689,0) (19.4565,0) 
(19.1614,0) (18.781,0) 
(18.593,0) (18.2959,0) 
(18.2213,0) (18.321,0) 
(19.7731,0) (19.2229,0) 
(18.7256,0) (18.4824,0) 
(18.5236,0) (18.4958,0) 
(18.456,0) (18.3848,0) 
(20.0476,0) (19.1997,0) 
(18.4509,0) (18.5325,0) 
(18.6985,0) (18.5658,0) 
(18.3951,0) (18.2959,0) 
(20.1577,0) (19.3519,0) 
(18.6382,0) (18.6738,0) 
(18.5828,0) (18.3558,0) 
(18.111,0) (17.9588,0) 
(20.2182,0) (19.5437,0) 
(18.913,0) (18.7629,0) 
(18.6432,0) (18.233,0) 
(17.6346,0) (17.6117,0) 
(20.2709,0) (19.7274,0) 
(19.2211,0) (19.1014,0) 
(19.0657,0) (18.6284,0) 
(18.0798,0) (17.6391,0) 
(20.3193,0) (19.9364,0) 
(19.6242,0) (19.5374,0) 
(19.5661,0) (19.1033,0) 
(18.3313,0) (17.5851,0) 

HHL_Algorithm run over.
got param, data file: New64/1_2_Axb_64_jxtemNew.txt, precision: 0.01
HHL.cpp,195,init_qubits:The max-eigen-val = 30.0995, min-eigen-val = 0.0293228
HHL.cpp,212,init_qubits:Total need qubits number: 26, qft_qubits: 19=6+13
HHL.cpp,255,get_hhl_circuit:qpe_gate_cnt: 386802
HHL.cpp,259,get_hhl_circuit:^^^^^^^^^^^^^^^^^whole hhl_cir_gate_cnt: 2346588 ^^^^^^^^^^^^^^^^^^^^
HHL.cpp,332,HHL_solve_linear_equations:HHL quantum circuit is running ...
HHL.cpp,340,HHL_solve_linear_equations:run HHL used: 18683.1 s
HHL_result of 64-dimensional matrix:
(17.4113,0) (17.0949,0) 
(17.8141,0) (18.4613,0) 
(18.6822,0) (18.8202,0) 
(18.809,0) (18.7259,0) 
(17.3139,0) (15.8921,0) 
(17.296,0) (18.1161,0) 
(18.5514,0) (18.7151,0) 
(18.6913,0) (18.7053,0) 
(17.5416,0) (16.9855,0) 
(17.1099,0) (17.7447,0) 
(18.378,0) (18.6093,0) 
(18.6057,0) (18.7253,0) 
(17.9308,0) (17.5094,0) 
(17.2902,0) (17.6017,0) 
(18.187,0) (18.5695,0) 
(18.5829,0) (18.6988,0) 
(18.0616,0) (17.7232,0) 
(17.491,0) (17.5984,0) 
(18.0883,0) (18.4884,0) 
(18.6353,0) (18.6035,0) 
(18.1271,0) (18.0922,0) 
(17.9323,0) (17.8694,0) 
(18.0672,0) (18.2144,0) 
(18.2302,0) (18.2525,0) 
(18.2852,0) (18.5222,0) 
(18.4235,0) (18.1996,0) 
(18.0048,0) (17.7534,0) 
(17.6555,0) (17.7209,0) 
(18.4006,0) (18.9015,0) 
(18.7803,0) (18.4482,0) 
(17.9434,0) (17.3884,0) 
(17.1518,0) (17.4096,0) 

HHL_Algorithm run over.
got param, data file: New64/1_3_Axb_64_jxtemNew.txt, precision: 0.01
HHL.cpp,195,init_qubits:The max-eigen-val = 30.0994, min-eigen-val = 0.0292408
HHL.cpp,212,init_qubits:Total need qubits number: 26, qft_qubits: 19=6+13
HHL.cpp,255,get_hhl_circuit:qpe_gate_cnt: 386802
HHL.cpp,259,get_hhl_circuit:^^^^^^^^^^^^^^^^^whole hhl_cir_gate_cnt: 2346588 ^^^^^^^^^^^^^^^^^^^^
HHL.cpp,332,HHL_solve_linear_equations:HHL quantum circuit is running ...
HHL.cpp,340,HHL_solve_linear_equations:run HHL used: 18504.6 s
HHL_result of 64-dimensional matrix:
(18.7462,0) (18.7081,0) 
(18.7176,0) (18.7871,0) 
(19.3477,0) (19.9073,0) 
(20.228,0) (20.4157,0) 
(18.8046,0) (18.7046,0) 
(18.6779,0) (18.7509,0) 
(19.2281,0) (19.7637,0) 
(20.0831,0) (20.285,0) 
(18.805,0) (18.6793,0) 
(18.5648,0) (18.5036,0) 
(18.9284,0) (19.4913,0) 
(19.9557,0) (20.1608,0) 
(18.6833,0) (18.5371,0) 
(18.4181,0) (18.2919,0) 
(18.7103,0) (19.3317,0) 
(19.8245,0) (19.9313,0) 
(18.4865,0) (18.3903,0) 
(18.3031,0) (18.2363,0) 
(18.6852,0) (19.2386,0) 
(19.5765,0) (19.6081,0) 
(18.3515,0) (18.421,0) 
(18.5364,0) (18.5588,0) 
(18.7224,0) (19.103,0) 
(19.3168,0) (19.3265,0) 
(18.2876,0) (18.5414,0) 
(18.7964,0) (18.8586,0) 
(18.9058,0) (19.089,0) 
(19.1389,0) (19.1194,0) 
(18.1559,0) (18.4454,0) 
(18.8356,0) (19.0143,0) 
(19.0566,0) (19.1887,0) 
(19.2122,0) (19.0928,0) 

HHL_Algorithm run over.
got param, data file: New64/1_4_Axb_64_jxtemNew.txt, precision: 0.01
HHL.cpp,195,init_qubits:The max-eigen-val = 30.0995, min-eigen-val = 0.0293302
HHL.cpp,212,init_qubits:Total need qubits number: 26, qft_qubits: 19=6+13
HHL.cpp,255,get_hhl_circuit:qpe_gate_cnt: 386802
HHL.cpp,259,get_hhl_circuit:^^^^^^^^^^^^^^^^^whole hhl_cir_gate_cnt: 2346588 ^^^^^^^^^^^^^^^^^^^^
HHL.cpp,332,HHL_solve_linear_equations:HHL quantum circuit is running ...
HHL.cpp,340,HHL_solve_linear_equations:run HHL used: 18637 s
HHL_result of 64-dimensional matrix:
(20.4378,0) (20.4136,0) 
(20.4336,0) (20.4733,0) 
(20.4519,0) (20.4601,0) 
(20.2386,0) (20.0488,0) 
(20.2969,0) (20.2761,0) 
(20.2992,0) (20.374,0) 
(20.4252,0) (20.397,0) 
(20.3135,0) (20.1882,0) 
(20.1356,0) (20.089,0) 
(20.112,0) (20.2539,0) 
(20.4105,0) (20.4217,0) 
(20.3955,0) (20.3201,0) 
(20.0001,0) (19.9636,0) 
(19.9596,0) (20.1356,0) 
(20.3355,0) (20.4307,0) 
(20.4038,0) (20.3848,0) 
(19.8366,0) (19.8822,0) 
(19.9543,0) (20.0305,0) 
(20.2088,0) (20.351,0) 
(20.4179,0) (20.4206,0) 
(19.6923,0) (19.8459,0) 
(19.9318,0) (20.0009,0) 
(20.1304,0) (20.2779,0) 
(20.3932,0) (20.4181,0) 
(19.5384,0) (19.8116,0) 
(19.9698,0) (20.0751,0) 
(20.1615,0) (20.2732,0) 
(20.3785,0) (20.4124,0) 
(19.2645,0) (19.6673,0) 
(20.0054,0) (20.1697,0) 
(20.2149,0) (20.3218,0) 
(20.4094,0) (20.4176,0) 

HHL_Algorithm run over.
got param, data file: New64/1_5_Axb_64_jxtemNew.txt, precision: 0.01
HHL.cpp,195,init_qubits:The max-eigen-val = 30.0994, min-eigen-val = 0.0292197
HHL.cpp,212,init_qubits:Total need qubits number: 26, qft_qubits: 19=6+13
HHL.cpp,255,get_hhl_circuit:qpe_gate_cnt: 386802
HHL.cpp,259,get_hhl_circuit:^^^^^^^^^^^^^^^^^whole hhl_cir_gate_cnt: 2346588 ^^^^^^^^^^^^^^^^^^^^
HHL.cpp,332,HHL_solve_linear_equations:HHL quantum circuit is running ...
HHL.cpp,340,HHL_solve_linear_equations:run HHL used: 18644.2 s
HHL_result of 64-dimensional matrix:
(20.4298,0) (20.5734,0) 
(20.605,0) (20.6796,0) 
(20.6729,0) (20.5909,0) 
(20.4869,0) (20.3907,0) 
(20.4349,0) (20.5741,0) 
(20.5382,0) (20.4568,0) 
(20.393,0) (20.358,0) 
(20.3692,0) (20.389,0) 
(20.4251,0) (20.4856,0) 
(20.3363,0) (20.0708,0) 
(19.9074,0) (19.9691,0) 
(20.1738,0) (20.3512,0) 
(20.4188,0) (20.3568,0) 
(20.1351,0) (19.7555,0) 
(19.4984,0) (19.6269,0) 
(19.948,0) (20.2345,0) 
(20.2849,0) (20.1926,0) 
(19.9108,0) (19.5357,0) 
(19.5553,0) (19.4039,0) 
(19.6771,0) (19.9518,0) 
(20.1682,0) (20.0361,0) 
(19.6596,0) (19.3071,0) 
(19.2174,0) (19.2263,0) 
(19.37,0) (19.4651,0) 
(20.1361,0) (19.7929,0) 
(19.3738,0) (19.222,0) 
(19.1121,0) (18.8867,0) 
(19.0152,0) (18.9754,0) 
(20.045,0) (19.5339,0) 
(19.1311,0) (19.131,0) 
(19.0283,0) (18.8961,0) 
(18.6644,0) (18.5218,0) 

HHL_Algorithm run over.
got param, data file: New64/1_6_Axb_64_jxtemNew.txt, precision: 0.01
HHL.cpp,195,init_qubits:The max-eigen-val = 30.0996, min-eigen-val = 0.0293876
HHL.cpp,212,init_qubits:Total need qubits number: 26, qft_qubits: 19=6+13
HHL.cpp,255,get_hhl_circuit:qpe_gate_cnt: 386802
HHL.cpp,259,get_hhl_circuit:^^^^^^^^^^^^^^^^^whole hhl_cir_gate_cnt: 2346588 ^^^^^^^^^^^^^^^^^^^^
HHL.cpp,332,HHL_solve_linear_equations:HHL quantum circuit is running ...
HHL.cpp,340,HHL_solve_linear_equations:run HHL used: 18703.9 s
HHL_result of 64-dimensional matrix:
(20.3606,0) (20.3934,0) 
(20.39,0) (20.2917,0) 
(20.2039,0) (20.1585,0) 
(20.0986,0) (19.9612,0) 
(20.3715,0) (20.3616,0) 
(20.3797,0) (20.2953,0) 
(20.2054,0) (20.2187,0) 
(20.1101,0) (20.0199,0) 
(20.3964,0) (20.3553,0) 
(20.351,0) (20.3489,0) 
(20.2917,0) (20.2238,0) 
(20.1676,0) (20.1056,0) 
(20.2538,0) (20.2655,0) 
(20.347,0) (20.4036,0) 
(20.3456,0) (20.3091,0) 
(20.2575,0) (20.2069,0) 
(19.8947,0) (20.019,0) 
(20.195,0) (20.2729,0) 
(20.253,0) (20.2486,0) 
(20.3497,0) (20.3241,0) 
(19.5175,0) (19.6964,0) 
(19.8056,0) (19.8934,0) 
(20.0412,0) (20.2617,0) 
(20.3768,0) (20.3879,0) 
(19.3209,0) (19.3231,0) 
(19.262,0) (19.4059,0) 
(19.8166,0) (20.2446,0) 
(20.4619,0) (20.45,0) 
(19.1352,0) (18.9855,0) 
(18.8052,0) (19.0785,0) 
(19.6396,0) (20.1875,0) 
(20.4687,0) (20.5169,0) 

HHL_Algorithm run over.
got param, data file: New64/1_7_Axb_64_jxtemNew.txt, precision: 0.01
HHL.cpp,195,init_qubits:The max-eigen-val = 30.0994, min-eigen-val = 0.0292411
HHL.cpp,212,init_qubits:Total need qubits number: 26, qft_qubits: 19=6+13
HHL.cpp,255,get_hhl_circuit:qpe_gate_cnt: 386802
HHL.cpp,259,get_hhl_circuit:^^^^^^^^^^^^^^^^^whole hhl_cir_gate_cnt: 2346588 ^^^^^^^^^^^^^^^^^^^^
HHL.cpp,332,HHL_solve_linear_equations:HHL quantum circuit is running ...
HHL.cpp,340,HHL_solve_linear_equations:run HHL used: 18674.4 s
HHL_result of 64-dimensional matrix:
(19.7584,0) (19.7587,0) 
(19.8301,0) (19.8881,0) 
(19.9029,0) (19.9406,0) 
(19.9561,0) (19.9448,0) 
(19.8162,0) (19.7975,0) 
(19.8155,0) (19.8154,0) 
(19.807,0) (19.8178,0) 
(19.8846,0) (19.9613,0) 
(19.8736,0) (19.8119,0) 
(19.7986,0) (19.7435,0) 
(19.7053,0) (19.7218,0) 
(19.8585,0) (20.0119,0) 
(20.0087,0) (19.8888,0) 
(19.7938,0) (19.7075,0) 
(19.6568,0) (19.748,0) 
(19.8925,0) (20.0291,0) 
(20.1336,0) (19.9836,0) 
(19.8646,0) (19.7998,0) 
(19.7928,0) (19.8718,0) 
(19.983,0) (20.0461,0) 
(20.1935,0) (20.0647,0) 
(19.9764,0) (19.9468,0) 
(19.9851,0) (20.038,0) 
(20.1036,0) (20.1136,0) 
(20.2627,0) (20.0852,0) 
(19.9905,0) (19.9987,0) 
(20.113,0) (20.2206,0) 
(20.181,0) (20.156,0) 
(20.3597,0) (20.1447,0) 
(19.9673,0) (20.0011,0) 
(20.0182,0) (20.057,0) 
(20.1503,0) (20.1826,0) 

HHL_Algorithm run over.
got param, data file: New64/1_8_Axb_64_jxtemNew.txt, precision: 0.01
HHL.cpp,195,init_qubits:The max-eigen-val = 30.0998, min-eigen-val = 0.0302635
HHL.cpp,212,init_qubits:Total need qubits number: 26, qft_qubits: 19=6+13
HHL.cpp,255,get_hhl_circuit:qpe_gate_cnt: 386802
HHL.cpp,259,get_hhl_circuit:^^^^^^^^^^^^^^^^^whole hhl_cir_gate_cnt: 2346588 ^^^^^^^^^^^^^^^^^^^^
HHL.cpp,332,HHL_solve_linear_equations:HHL quantum circuit is running ...
HHL.cpp,340,HHL_solve_linear_equations:run HHL used: 18901.7 s
HHL_result of 64-dimensional matrix:
(19.8752,0) (19.9149,0) 
(19.9729,0) (20.0293,0) 
(20.0538,0) (19.8821,0) 
(19.4916,0) (19.1078,0) 
(19.9238,0) (19.92,0) 
(19.9318,0) (19.9404,0) 
(19.9906,0) (19.8984,0) 
(19.6186,0) (19.3761,0) 
(20.02,0) (19.948,0) 
(19.9673,0) (19.9904,0) 
(19.9792,0) (20.0095,0) 
(19.8856,0) (19.7445,0) 
(20.0352,0) (19.8647,0) 
(19.7948,0) (19.8353,0) 
(19.9858,0) (20.1124,0) 
(20.0866,0) (19.9635,0) 
(20.0762,0) (19.8456,0) 
(19.575,0) (19.5894,0) 
(19.8009,0) (20.0259,0) 
(20.0871,0) (20.0652,0) 
(20.0858,0) (19.9154,0) 
(19.6282,0) (19.3339,0) 
(19.3503,0) (19.5773,0) 
(19.8752,0) (20.101,0) 
(20.0875,0) (19.985,0) 
(19.714,0) (19.2889,0) 
(18.9161,0) (18.9669,0) 
(19.4091,0) (19.8942,0) 
(20.0536,0) (19.9806,0) 
(19.7299,0) (19.3047,0) 
(18.8084,0) (18.4111,0) 
(18.6881,0) (19.164,0) 

HHL_Algorithm run over.
got param, data file: New64/1_9_Axb_64_jxtemNew.txt, precision: 0.01
HHL.cpp,195,init_qubits:The max-eigen-val = 30.0995, min-eigen-val = 0.0293352
HHL.cpp,212,init_qubits:Total need qubits number: 26, qft_qubits: 19=6+13
HHL.cpp,255,get_hhl_circuit:qpe_gate_cnt: 386802
HHL.cpp,259,get_hhl_circuit:^^^^^^^^^^^^^^^^^whole hhl_cir_gate_cnt: 2346588 ^^^^^^^^^^^^^^^^^^^^
HHL.cpp,332,HHL_solve_linear_equations:HHL quantum circuit is running ...
HHL.cpp,340,HHL_solve_linear_equations:run HHL used: 18814.6 s
HHL_result of 64-dimensional matrix:
(19.5316,0) (19.7192,0) 
(19.6776,0) (19.5935,0) 
(19.5317,0) (19.531,0) 
(19.4719,0) (19.3602,0) 
(19.5556,0) (19.5771,0) 
(19.6421,0) (19.6029,0) 
(19.5164,0) (19.4471,0) 
(19.2949,0) (19.0581,0) 
(19.5739,0) (19.5456,0) 
(19.5932,0) (19.5709,0) 
(19.5195,0) (19.4373,0) 
(19.2268,0) (18.8945,0) 
(19.5576,0) (19.4934,0) 
(19.5036,0) (19.5252,0) 
(19.5679,0) (19.536,0) 
(19.3265,0) (19.0377,0) 
(19.7526,0) (19.5576,0) 
(19.43,0) (19.5536,0) 
(19.5899,0) (19.5548,0) 
(19.4781,0) (19.3685,0) 
(19.9753,0) (19.8061,0) 
(19.7265,0) (19.6631,0) 
(19.6144,0) (19.524,0) 
(19.4267,0) (19.4315,0) 
(20.0606,0) (20.136,0) 
(20.0494,0) (19.8501,0) 
(19.629,0) (19.4302,0) 
(19.2796,0) (19.2928,0) 
(19.742,0) (19.8594,0) 
(20.0401,0) (19.8777,0) 
(19.5275,0) (19.0951,0) 
(18.8603,0) (18.9724,0) 

HHL_Algorithm run over.
got param, data file: New64/1_10_Axb_64_jxtemNew.txt, precision: 0.01
HHL.cpp,195,init_qubits:The max-eigen-val = 30.0995, min-eigen-val = 0.029288
HHL.cpp,212,init_qubits:Total need qubits number: 26, qft_qubits: 19=6+13
HHL.cpp,255,get_hhl_circuit:qpe_gate_cnt: 386802
HHL.cpp,259,get_hhl_circuit:^^^^^^^^^^^^^^^^^whole hhl_cir_gate_cnt: 2346588 ^^^^^^^^^^^^^^^^^^^^
HHL.cpp,332,HHL_solve_linear_equations:HHL quantum circuit is running ...
HHL.cpp,340,HHL_solve_linear_equations:run HHL used: 18671.9 s
HHL_result of 64-dimensional matrix:
(19.0475,0) (18.9994,0) 
(19.3526,0) (19.6728,0) 
(19.6223,0) (19.6183,0) 
(19.6665,0) (19.7367,0) 
(18.8826,0) (19.1456,0) 
(19.3737,0) (19.4967,0) 
(19.5497,0) (19.5492,0) 
(19.5575,0) (19.6225,0) 
(18.9764,0) (19.267,0) 
(19.2774,0) (19.2962,0) 
(19.3437,0) (19.3653,0) 
(19.3674,0) (19.4545,0) 
(19.17,0) (19.2193,0) 
(19.2054,0) (19.0897,0) 
(19.0982,0) (19.1398,0) 
(19.1925,0) (19.2791,0) 
(19.3284,0) (19.2636,0) 
(19.1537,0) (18.9738,0) 
(18.8468,0) (18.8381,0) 
(18.9024,0) (18.9958,0) 
(19.3199,0) (19.1243,0) 
(18.9822,0) (18.8052,0) 
(18.6329,0) (18.5718,0) 
(18.6161,0) (18.6766,0) 
(19.3741,0) (19.0568,0) 
(18.7946,0) (18.6341,0) 
(18.5339,0) (18.5472,0) 
(18.5389,0) (18.4461,0) 
(19.4789,0) (19.2331,0) 
(18.8942,0) (18.6856,0) 
(18.6445,0) (18.6401,0) 
(18.5595,0) (18.3054,0) 

HHL_Algorithm run over.
